\BOOKMARK [1][-]{section.1}{Introduction}{}% 1
\BOOKMARK [2][-]{subsection.1.1}{Objectifs}{section.1}% 2
\BOOKMARK [2][-]{subsection.1.2}{Utilisation}{section.1}% 3
\BOOKMARK [1][-]{section.2}{Calcul du symm\351trique}{}% 4
\BOOKMARK [2][-]{subsection.2.1}{Premi\350re version}{section.2}% 5
\BOOKMARK [2][-]{subsection.2.2}{Version am\351lior\351e}{section.2}% 6
\BOOKMARK [1][-]{section.3}{Algorithme de Dijkstra}{}% 7
\BOOKMARK [2][-]{subsection.3.1}{Impl\351mentation}{section.3}% 8
\BOOKMARK [2][-]{subsection.3.2}{R\351cup\351ration du plus court chemin}{section.3}% 9
\BOOKMARK [2][-]{subsection.3.3}{R\351sultats}{section.3}% 10
\BOOKMARK [1][-]{section.4}{Strat\351gie A*}{}% 11
\BOOKMARK [2][-]{subsection.4.1}{Choix de l'heuristique}{section.4}% 12
\BOOKMARK [2][-]{subsection.4.2}{Impl\351mentation de l'algorithme}{section.4}% 13
\BOOKMARK [2][-]{subsection.4.3}{R\351sultats}{section.4}% 14
\BOOKMARK [1][-]{section.5}{Tas Binaire}{}% 15
\BOOKMARK [2][-]{subsection.5.1}{Impl\351mentation classique}{section.5}% 16
\BOOKMARK [2][-]{subsection.5.2}{Impl\351mentation pour notre probl\350me}{section.5}% 17
\BOOKMARK [2][-]{subsection.5.3}{R\351sultats}{section.5}% 18
\BOOKMARK [2][-]{subsection.5.4}{Autres structures de donn\351es possibles}{section.5}% 19
\BOOKMARK [1][-]{section.6}{Conclusion}{}% 20
